<?xml version="1.0" encoding="UTF-8"?>
<!-- Generated by org.testng.reporters.JUnitReportReporter -->
<testsuite skipped="0" hostname="Harmeet-PC" name="com.pcs.pages.TstLoginpage" tests="1" failures="0" timestamp="2020-02-14T18:28:01 IST" time="14.476" errors="0">
  <testcase name="verifyvalidLogin" time="14.476" classname="com.pcs.pages.TstLoginpage"/>
  <system-out/>
</testsuite> <!-- com.pcs.pages.TstLoginpage -->
