<?xml version="1.0" encoding="UTF-8"?>
<!-- Generated by org.testng.reporters.JUnitReportReporter -->
<testsuite skipped="0" hostname="Harmeet-PC" name="com.pcs.script.Login_Logout" tests="1" failures="0" timestamp="2021-03-03T13:08:08 IST" time="11.211" errors="0">
  <testcase name="testLogin_Logout" time="11.211" classname="com.pcs.script.Login_Logout"/>
  <system-out/>
</testsuite> <!-- com.pcs.script.Login_Logout -->
